2021-12-10 21:42:17,328 - Initializing Velocity, Calling init()...
2021-12-10 21:42:17,329 - Starting Apache Velocity v1.7 (compiled: 2010-11-19 12:14:37)
2021-12-10 21:42:17,329 - Default Properties File: org\apache\velocity\runtime\defaults\velocity.properties
2021-12-10 21:42:17,329 - Trying to use logger class org.apache.velocity.runtime.log.AvalonLogChute
2021-12-10 21:42:17,329 - Target log system for org.apache.velocity.runtime.log.AvalonLogChute is not available (java.lang.NoClassDefFoundError: org/apache/log/format/Formatter).  Falling back to next log system...
2021-12-10 21:42:17,329 - Trying to use logger class org.apache.velocity.runtime.log.Log4JLogChute
2021-12-10 21:42:17,329 - Using logger class org.apache.velocity.runtime.log.Log4JLogChute
2021-12-10 21:42:17,330 - ResourceLoader instantiated: org.apache.velocity.runtime.resource.loader.ClasspathResourceLoader
2021-12-10 21:42:17,330 - ResourceCache: initialized (class org.apache.velocity.runtime.resource.ResourceCacheImpl) with class java.util.Collections$SynchronizedMap cache map.
2021-12-10 21:42:17,332 - Loaded System Directive: org.apache.velocity.runtime.directive.Stop
2021-12-10 21:42:17,332 - Loaded System Directive: org.apache.velocity.runtime.directive.Define
2021-12-10 21:42:17,332 - Loaded System Directive: org.apache.velocity.runtime.directive.Break
2021-12-10 21:42:17,332 - Loaded System Directive: org.apache.velocity.runtime.directive.Evaluate
2021-12-10 21:42:17,332 - Loaded System Directive: org.apache.velocity.runtime.directive.Literal
2021-12-10 21:42:17,332 - Loaded System Directive: org.apache.velocity.runtime.directive.Macro
2021-12-10 21:42:17,332 - Loaded System Directive: org.apache.velocity.runtime.directive.Parse
2021-12-10 21:42:17,332 - Loaded System Directive: org.apache.velocity.runtime.directive.Include
2021-12-10 21:42:17,332 - Loaded System Directive: org.apache.velocity.runtime.directive.Foreach
2021-12-10 21:42:17,333 - Created '20' parsers.
2021-12-10 21:42:17,333 - Velocimacro : "velocimacro.library" is not set.  Trying default library: VM_global_library.vm
2021-12-10 21:42:17,333 - Could not load resource 'VM_global_library.vm' from ResourceLoader org.apache.velocity.runtime.resource.loader.ClasspathResourceLoader: ClasspathResourceLoader Error: cannot find resource VM_global_library.vm
2021-12-10 21:42:17,333 - Velocimacro : Default library not found.
2021-12-10 21:42:17,333 - Velocimacro : allowInline = true : VMs can be defined inline in templates
2021-12-10 21:42:17,333 - Velocimacro : allowInlineToOverride = false : VMs defined inline may NOT replace previous VM definitions
2021-12-10 21:42:17,333 - Velocimacro : allowInlineLocal = false : VMs defined inline will be global in scope if allowed.
2021-12-10 21:42:17,333 - Velocimacro : autoload off : VM system will not automatically reload global library macros
2021-12-10 21:42:17,334 - ResourceManager : found templates/layout.vsl with loader org.apache.velocity.runtime.resource.loader.ClasspathResourceLoader
2021-12-10 21:42:17,336 - ResourceManager : found templates/cargarpps.vsl with loader org.apache.velocity.runtime.resource.loader.ClasspathResourceLoader
2021-12-10 21:42:33,349 - Log4JLogChute initialized using file 'velocity.log'
2021-12-10 21:42:33,349 - Initializing Velocity, Calling init()...
2021-12-10 21:42:33,349 - Starting Apache Velocity v1.7 (compiled: 2010-11-19 12:14:37)
2021-12-10 21:42:33,349 - Default Properties File: org\apache\velocity\runtime\defaults\velocity.properties
2021-12-10 21:42:33,349 - Trying to use logger class org.apache.velocity.runtime.log.AvalonLogChute
2021-12-10 21:42:33,349 - Target log system for org.apache.velocity.runtime.log.AvalonLogChute is not available (java.lang.NoClassDefFoundError: org/apache/log/format/Formatter).  Falling back to next log system...
2021-12-10 21:42:33,349 - Trying to use logger class org.apache.velocity.runtime.log.Log4JLogChute
2021-12-10 21:42:33,349 - Using logger class org.apache.velocity.runtime.log.Log4JLogChute
2021-12-10 21:42:33,350 - ResourceLoader instantiated: org.apache.velocity.runtime.resource.loader.ClasspathResourceLoader
2021-12-10 21:42:33,350 - ResourceCache: initialized (class org.apache.velocity.runtime.resource.ResourceCacheImpl) with class java.util.Collections$SynchronizedMap cache map.
2021-12-10 21:42:33,350 - Loaded System Directive: org.apache.velocity.runtime.directive.Stop
2021-12-10 21:42:33,350 - Loaded System Directive: org.apache.velocity.runtime.directive.Define
2021-12-10 21:42:33,350 - Loaded System Directive: org.apache.velocity.runtime.directive.Break
2021-12-10 21:42:33,350 - Loaded System Directive: org.apache.velocity.runtime.directive.Evaluate
2021-12-10 21:42:33,350 - Loaded System Directive: org.apache.velocity.runtime.directive.Literal
2021-12-10 21:42:33,350 - Loaded System Directive: org.apache.velocity.runtime.directive.Macro
2021-12-10 21:42:33,350 - Loaded System Directive: org.apache.velocity.runtime.directive.Parse
2021-12-10 21:42:33,350 - Loaded System Directive: org.apache.velocity.runtime.directive.Include
2021-12-10 21:42:33,350 - Loaded System Directive: org.apache.velocity.runtime.directive.Foreach
2021-12-10 21:42:33,351 - Created '20' parsers.
2021-12-10 21:42:33,351 - Velocimacro : "velocimacro.library" is not set.  Trying default library: VM_global_library.vm
2021-12-10 21:42:33,351 - Could not load resource 'VM_global_library.vm' from ResourceLoader org.apache.velocity.runtime.resource.loader.ClasspathResourceLoader: ClasspathResourceLoader Error: cannot find resource VM_global_library.vm
2021-12-10 21:42:33,351 - Velocimacro : Default library not found.
2021-12-10 21:42:33,351 - Velocimacro : allowInline = true : VMs can be defined inline in templates
2021-12-10 21:42:33,351 - Velocimacro : allowInlineToOverride = false : VMs defined inline may NOT replace previous VM definitions
2021-12-10 21:42:33,351 - Velocimacro : allowInlineLocal = false : VMs defined inline will be global in scope if allowed.
2021-12-10 21:42:33,351 - Velocimacro : autoload off : VM system will not automatically reload global library macros
2021-12-10 21:42:33,352 - ResourceManager : found templates/layout.vsl with loader org.apache.velocity.runtime.resource.loader.ClasspathResourceLoader
2021-12-10 21:42:33,352 - #parse(): null argument at templates/layout.vsl[line 52, column 5]
2021-12-10 21:42:33,365 - Log4JLogChute initialized using file 'velocity.log'
2021-12-10 21:42:33,365 - Initializing Velocity, Calling init()...
2021-12-10 21:42:33,365 - Starting Apache Velocity v1.7 (compiled: 2010-11-19 12:14:37)
2021-12-10 21:42:33,365 - Default Properties File: org\apache\velocity\runtime\defaults\velocity.properties
2021-12-10 21:42:33,366 - Trying to use logger class org.apache.velocity.runtime.log.AvalonLogChute
2021-12-10 21:42:33,366 - Target log system for org.apache.velocity.runtime.log.AvalonLogChute is not available (java.lang.NoClassDefFoundError: org/apache/log/format/Formatter).  Falling back to next log system...
2021-12-10 21:42:33,366 - Trying to use logger class org.apache.velocity.runtime.log.Log4JLogChute
2021-12-10 21:42:33,366 - Using logger class org.apache.velocity.runtime.log.Log4JLogChute
2021-12-10 21:42:33,366 - ResourceLoader instantiated: org.apache.velocity.runtime.resource.loader.ClasspathResourceLoader
2021-12-10 21:42:33,366 - ResourceCache: initialized (class org.apache.velocity.runtime.resource.ResourceCacheImpl) with class java.util.Collections$SynchronizedMap cache map.
2021-12-10 21:42:33,366 - Loaded System Directive: org.apache.velocity.runtime.directive.Stop
2021-12-10 21:42:33,366 - Loaded System Directive: org.apache.velocity.runtime.directive.Define
2021-12-10 21:42:33,366 - Loaded System Directive: org.apache.velocity.runtime.directive.Break
2021-12-10 21:42:33,366 - Loaded System Directive: org.apache.velocity.runtime.directive.Evaluate
2021-12-10 21:42:33,367 - Loaded System Directive: org.apache.velocity.runtime.directive.Literal
2021-12-10 21:42:33,367 - Loaded System Directive: org.apache.velocity.runtime.directive.Macro
2021-12-10 21:42:33,367 - Loaded System Directive: org.apache.velocity.runtime.directive.Parse
2021-12-10 21:42:33,367 - Loaded System Directive: org.apache.velocity.runtime.directive.Include
2021-12-10 21:42:33,367 - Loaded System Directive: org.apache.velocity.runtime.directive.Foreach
2021-12-10 21:42:33,367 - Created '20' parsers.
2021-12-10 21:42:33,367 - Velocimacro : "velocimacro.library" is not set.  Trying default library: VM_global_library.vm
2021-12-10 21:42:33,367 - Could not load resource 'VM_global_library.vm' from ResourceLoader org.apache.velocity.runtime.resource.loader.ClasspathResourceLoader: ClasspathResourceLoader Error: cannot find resource VM_global_library.vm
2021-12-10 21:42:33,368 - Velocimacro : Default library not found.
2021-12-10 21:42:33,368 - Velocimacro : allowInline = true : VMs can be defined inline in templates
2021-12-10 21:42:33,368 - Velocimacro : allowInlineToOverride = false : VMs defined inline may NOT replace previous VM definitions
2021-12-10 21:42:33,368 - Velocimacro : allowInlineLocal = false : VMs defined inline will be global in scope if allowed.
2021-12-10 21:42:33,368 - Velocimacro : autoload off : VM system will not automatically reload global library macros
2021-12-10 21:42:33,368 - ResourceManager : found templates/layout.vsl with loader org.apache.velocity.runtime.resource.loader.ClasspathResourceLoader
2021-12-10 21:42:33,369 - ResourceManager : found templates/alumnoindex.vsl with loader org.apache.velocity.runtime.resource.loader.ClasspathResourceLoader
locity.runtime.directive.Evaluate
2021-12-10 21:42:33,367 - Loaded System Directive: org.apache.velocity.runtime.directive.Literal
2021-12-10 21:42:33,367 - Loaded System Directive: org.apache.velocity.runtime.directive.Literal
2021-12-10 21:42:33,367 - Loaded System Directive: org.apache.velocity.runtime.directive.Macro
2021-12-10 21:42:33,367 - Loaded System Directive: org.apache.velocity.runtime.directive.Macro
2021-12-10 21:42:33,367 - Loaded System Directive: org.apache.velocity.runtime.directive.Parse
2021-12-10 21:42:33,367 - Loaded System Directive: org.apache.velocity.runtime.directive.Parse
2021-12-10 21:42:33,367 - Loaded System Directive: org.apache.velocity.runtime.directive.Include
2021-12-10 21:42:33,367 - Loaded System Directive: org.apache.velocity.runtime.directive.Include
2021-12-10 21:42:33,367 - Loaded System Directive: org.apache.velocity.runtime.directive.Foreach
2021-12-10 21:42:33,367 - Loaded System Directive: org.apache.velocity.runtime.directive.Foreach
2021-12-10 21:42:33,367 - Created '20' parsers.
2021-12-10 21:42:33,367 - Created '20' parsers.
2021-12-10 21:42:33,367 - Velocimacro : "velocimacro.library" is not set.  Trying default library: VM_global_library.vm
2021-12-10 21:42:33,367 - Velocimacro : "velocimacro.library" is not set.  Trying default library: VM_global_library.vm
2021-12-10 21:42:33,367 - Could not load resource 'VM_global_library.vm' from ResourceLoader org.apache.velocity.runtime.resource.loader.ClasspathResourceLoader: ClasspathResourceLoader Error: cannot find resource VM_global_library.vm
2021-12-10 21:42:33,367 - Could not load resource 'VM_global_library.vm' from ResourceLoader org.apache.velocity.runtime.resource.loader.ClasspathResourceLoader: ClasspathResourceLoader Error: cannot find resource VM_global_library.vm
2021-12-10 21:42:33,368 - Velocimacro : Default library not found.
2021-12-10 21:42:33,368 - Velocimacro : Default library not found.
2021-12-10 21:42:33,368 - Velocimacro : allowInline = true : VMs can be defined inline in templates
2021-12-10 21:42:33,368 - Velocimacro : allowInline = true : VMs can be defined inline in templates
2021-12-10 21:42:33,368 - Velocimacro : allowInlineToOverride = false : VMs defined inline may NOT replace previous VM definitions
2021-12-10 21:42:33,368 - Velocimacro : allowInlineToOverride = false : VMs defined inline may NOT replace previous VM definitions
2021-12-10 21:42:33,368 - Velocimacro : allowInlineLocal = false : VMs defined inline will be global in scope if allowed.
2021-12-10 21:42:33,368 - Velocimacro : allowInlineLocal = false : VMs defined inline will be global in scope if allowed.
2021-12-10 21:42:33,368 - Velocimacro : autoload off : VM system will not automatically reload global library macros
2021-12-10 21:42:33,368 - Velocimacro : autoload off : VM system will not automatically reload global library macros
2021-12-10 21:42:33,368 - ResourceManager : found templates/layout.vsl with loader org.apache.velocity.runtime.resource.loader.ClasspathResourceLoader
2021-12-10 21:42:33,368 - ResourceManager : found templates/layout.vsl with loader org.apache.velocity.runtime.resource.loader.ClasspathResourceLoader
2021-12-10 21:42:33,369 - ResourceManager : found templates/alumnoindex.vsl with loader org.apache.velocity.runtime.resource.loader.ClasspathResourceLoader
2021-12-10 21:42:33,369 - ResourceManager : found templates/alumnoindex.vsl with loader org.apache.velocity.runtime.resource.loader.ClasspathResourceLoader
2021-12-10 21:42:34,717 - Log4JLogChute initialized using file 'velocity.log'
2021-12-10 21:42:34,717 - Initializing Velocity, Calling init()...
2021-12-10 21:42:34,717 - Starting Apache Velocity v1.7 (compiled: 2010-11-19 12:14:37)
2021-12-10 21:42:34,717 - Default Properties File: org\apache\velocity\runtime\defaults\velocity.properties
2021-12-10 21:42:34,717 - Trying to use logger class org.apache.velocity.runtime.log.AvalonLogChute
2021-12-10 21:42:34,717 - Target log system for org.apache.velocity.runtime.log.AvalonLogChute is not available (java.lang.NoClassDefFoundError: org/apache/log/format/Formatter).  Falling back to next log system...
2021-12-10 21:42:34,717 - Trying to use logger class org.apache.velocity.runtime.log.Log4JLogChute
2021-12-10 21:42:34,717 - Using logger class org.apache.velocity.runtime.log.Log4JLogChute
2021-12-10 21:42:34,717 - ResourceLoader instantiated: org.apache.velocity.runtime.resource.loader.ClasspathResourceLoader
2021-12-10 21:42:34,717 - ResourceCache: initialized (class org.apache.velocity.runtime.resource.ResourceCacheImpl) with class java.util.Collections$SynchronizedMap cache map.
2021-12-10 21:42:34,718 - Loaded System Directive: org.apache.velocity.runtime.directive.Stop
2021-12-10 21:42:34,718 - Loaded System Directive: org.apache.velocity.runtime.directive.Define
2021-12-10 21:42:34,718 - Loaded System Directive: org.apache.velocity.runtime.directive.Break
2021-12-10 21:42:34,718 - Loaded System Directive: org.apache.velocity.runtime.directive.Evaluate
2021-12-10 21:42:34,718 - Loaded System Directive: org.apache.velocity.runtime.directive.Literal
2021-12-10 21:42:34,718 - Loaded System Directive: org.apache.velocity.runtime.directive.Macro
2021-12-10 21:42:34,718 - Loaded System Directive: org.apache.velocity.runtime.directive.Parse
2021-12-10 21:42:34,718 - Loaded System Directive: org.apache.velocity.runtime.directive.Include
2021-12-10 21:42:34,718 - Loaded System Directive: org.apache.velocity.runtime.directive.Foreach
2021-12-10 21:42:34,720 - Created '20' parsers.
2021-12-10 21:42:34,720 - Velocimacro : "velocimacro.library" is not set.  Trying default library: VM_global_library.vm
2021-12-10 21:42:34,720 - Could not load resource 'VM_global_library.vm' from ResourceLoader org.apache.velocity.runtime.resource.loader.ClasspathResourceLoader: ClasspathResourceLoader Error: cannot find resource VM_global_library.vm
2021-12-10 21:42:34,720 - Velocimacro : Default library not found.
2021-12-10 21:42:34,720 - Velocimacro : allowInline = true : VMs can be defined inline in templates
2021-12-10 21:42:34,720 - Velocimacro : allowInlineToOverride = false : VMs defined inline may NOT replace previous VM definitions
2021-12-10 21:42:34,720 - Velocimacro : allowInlineLocal = false : VMs defined inline will be global in scope if allowed.
2021-12-10 21:42:34,720 - Velocimacro : autoload off : VM system will not automatically reload global library macros
2021-12-10 21:42:34,722 - ResourceManager : found templates/layout.vsl with loader org.apache.velocity.runtime.resource.loader.ClasspathResourceLoader
2021-12-10 21:42:34,723 - ResourceManager : found templates/PPS_estado.vsl with loader org.apache.velocity.runtime.resource.loader.ClasspathResourceLoader
